<?xml version="1.0" encoding="UTF-8"?>
<!-- Generated by org.testng.reporters.JUnitReportReporter -->
<testsuite hostname="Divyashree-PC" failures="0" tests="1" name="exceptionHandling.Ex1" time="0.015" errors="0" timestamp="20 May 2019 08:55:12 GMT" skipped="0">
  <testcase classname="exceptionHandling.Ex1" name="test" time="0.015"/>
</testsuite> <!-- exceptionHandling.Ex1 -->
