<?xml version="1.0" encoding="UTF-8"?>
<!-- Generated by org.testng.reporters.JUnitReportReporter -->
<testsuite hostname="Divyashree-PC" failures="0" tests="1" name="bluestone.SchemeStartVerificationInSecondPage" time="33.423" errors="0" timestamp="10 Apr 2019 12:59:58 GMT" skipped="0">
  <testcase classname="bluestone.SchemeStartVerificationInSecondPage" name="verify" time="33.423"/>
</testsuite> <!-- bluestone.SchemeStartVerificationInSecondPage -->
