<?xml version="1.0" encoding="UTF-8"?>
<!-- Generated by org.testng.reporters.JUnitReportReporter -->
<testsuite hostname="Divyashree-PC" failures="0" tests="1" name="assignment1.Get" time="37.677" errors="0" timestamp="03 Apr 2019 12:26:17 GMT" skipped="0">
  <testcase classname="assignment1.Get" name="getMenu" time="37.677"/>
</testsuite> <!-- assignment1.Get -->
