<?xml version="1.0" encoding="UTF-8"?>
<!-- Generated by org.testng.reporters.JUnitReportReporter -->
<testsuite hostname="Divyashree-PC" failures="0" tests="1" name="bluestone.ScrollAndCheckIcon" time="38.379" errors="0" timestamp="10 Apr 2019 12:15:59 GMT" skipped="0">
  <testcase classname="bluestone.ScrollAndCheckIcon" name="getIcon" time="38.379"/>
</testsuite> <!-- bluestone.ScrollAndCheckIcon -->
