<?xml version="1.0" encoding="UTF-8"?>
<!-- Generated by org.testng.reporters.JUnitReportReporter -->
<testsuite hostname="Divyashree-PC" failures="0" tests="1" name="bluestone.Bluestone1" time="75.035" errors="0" timestamp="08 Apr 2019 06:46:03 GMT" skipped="0">
  <testcase classname="bluestone.Bluestone1" name="getoff" time="75.035"/>
</testsuite> <!-- bluestone.Bluestone1 -->
