<?xml version="1.0" encoding="UTF-8"?>
<!-- Generated by org.testng.reporters.JUnitReportReporter -->
<testsuite hostname="Divyashree-PC" failures="0" tests="1" name="excelData.GetDetails" time="10.609" errors="0" timestamp="28 May 2019 09:41:54 GMT" skipped="0">
  <testcase classname="excelData.GetDetails" name="get" time="10.609"/>
</testsuite> <!-- excelData.GetDetails -->
