<?xml version="1.0" encoding="UTF-8"?>
<!-- Generated by org.testng.reporters.JUnitReportReporter -->
<testsuite hostname="Divyashree-PC" failures="0" tests="1" name="magicBricks.GetPropertyNames" time="16.883" errors="0" timestamp="15 Apr 2019 11:34:30 GMT" skipped="0">
  <testcase classname="magicBricks.GetPropertyNames" name="get" time="16.883"/>
</testsuite> <!-- magicBricks.GetPropertyNames -->
