<?xml version="1.0" encoding="UTF-8"?>
<!-- Generated by org.testng.reporters.JUnitReportReporter -->
<testsuite hostname="Divyashree-PC" failures="0" tests="1" name="bluestone.Bluestone3" time="41.059" errors="0" timestamp="08 Apr 2019 05:28:17 GMT" skipped="0">
  <testcase classname="bluestone.Bluestone3" name="getoff" time="41.059"/>
</testsuite> <!-- bluestone.Bluestone3 -->
