<?xml version="1.0" encoding="UTF-8"?>
<!-- Generated by org.testng.reporters.JUnitReportReporter -->
<testsuite hostname="Divyashree-PC" failures="0" tests="1" name="jqueryui.JqueryuiSlide" time="65.081" errors="0" timestamp="10 Apr 2019 04:21:06 GMT" skipped="0">
  <testcase classname="jqueryui.JqueryuiSlide" name="scroll" time="65.081"/>
</testsuite> <!-- jqueryui.JqueryuiSlide -->
