<?xml version="1.0" encoding="UTF-8"?>
<!-- Generated by org.testng.reporters.JUnitReportReporter -->
<testsuite hostname="Divyashree-PC" failures="0" tests="1" name="jqueryui.JqueryuiDrag" time="23.787" errors="0" timestamp="08 Apr 2019 12:01:36 GMT" skipped="0">
  <testcase classname="jqueryui.JqueryuiDrag" name="drag" time="23.787"/>
</testsuite> <!-- jqueryui.JqueryuiDrag -->
