<?xml version="1.0" encoding="UTF-8"?>
<!-- Generated by org.testng.reporters.JUnitReportReporter -->
<testsuite hostname="Divyashree-PC" failures="0" tests="1" name="bluestone.Bluestone2" time="43.906" errors="0" timestamp="08 Apr 2019 05:24:16 GMT" skipped="0">
  <testcase classname="bluestone.Bluestone2" name="getoff" time="43.906"/>
</testsuite> <!-- bluestone.Bluestone2 -->
