<?xml version="1.0" encoding="UTF-8"?>
<!-- Generated by org.testng.reporters.JUnitReportReporter -->
<testsuite hostname="Divyashree-PC" failures="0" tests="1" name="assignment1.MenuList" time="185.996" errors="0" timestamp="05 Apr 2019 06:54:02 GMT" skipped="0">
  <testcase classname="assignment1.MenuList" name="getMenu" time="185.996"/>
</testsuite> <!-- assignment1.MenuList -->
