<?xml version="1.0" encoding="UTF-8"?>
<!-- Generated by org.testng.reporters.JUnitReportReporter -->
<testsuite hostname="Divyashree-PC" failures="0" tests="1" name="windowHandles.NewWindow" time="20.905" errors="0" timestamp="28 May 2019 12:02:00 GMT" skipped="0">
  <testcase classname="windowHandles.NewWindow" name="open" time="20.905"/>
</testsuite> <!-- windowHandles.NewWindow -->
