<?xml version="1.0" encoding="UTF-8"?>
<!-- Generated by org.testng.reporters.JUnitReportReporter -->
<testsuite hostname="Divyashree-PC" failures="0" tests="1" name="assignment1.MenuListToExcel" time="372.638" errors="0" timestamp="05 Apr 2019 10:03:33 GMT" skipped="0">
  <testcase classname="assignment1.MenuListToExcel" name="getMenu" time="372.638"/>
</testsuite> <!-- assignment1.MenuListToExcel -->
