<?xml version="1.0" encoding="UTF-8"?>
<!-- Generated by org.testng.reporters.JUnitReportReporter -->
<testsuite hostname="Divyashree-PC" failures="0" tests="1" name="bluestone.ArrangeItemsInAscendingAndDescVerify" time="34.226" errors="0" timestamp="15 Apr 2019 10:24:26 GMT" skipped="0">
  <testcase classname="bluestone.ArrangeItemsInAscendingAndDescVerify" name="orderElements" time="34.226"/>
</testsuite> <!-- bluestone.ArrangeItemsInAscendingAndDescVerify -->
