<?xml version="1.0" encoding="UTF-8"?>
<!-- Generated by org.testng.reporters.JUnitReportReporter -->
<testsuite hostname="Divyashree-PC" failures="0" tests="1" name="listBox.ListBoxDataValidation" time="76.017" errors="0" timestamp="10 Apr 2019 09:05:06 GMT" skipped="0">
  <testcase classname="listBox.ListBoxDataValidation" name="check" time="76.017"/>
</testsuite> <!-- listBox.ListBoxDataValidation -->
