<?xml version="1.0" encoding="UTF-8"?>
<!-- Generated by org.testng.reporters.JUnitReportReporter -->
<testsuite hostname="Divyashree-PC" failures="0" tests="1" name="bluestone.GetCountofWomen" time="70.442" errors="0" timestamp="10 Apr 2019 11:47:02 GMT" skipped="0">
  <testcase classname="bluestone.GetCountofWomen" name="getoff" time="70.442"/>
</testsuite> <!-- bluestone.GetCountofWomen -->
