<?xml version="1.0" encoding="UTF-8"?>
<!-- Generated by org.testng.reporters.JUnitReportReporter -->
<testsuite hostname="Divyashree-PC" failures="0" tests="1" name="windowHandlesNaukri.Naukri" time="105.735" errors="0" timestamp="19 Apr 2019 09:50:01 GMT" skipped="0">
  <testcase classname="windowHandlesNaukri.Naukri" name="get" time="105.735"/>
</testsuite> <!-- windowHandlesNaukri.Naukri -->
