<?xml version="1.0" encoding="UTF-8"?>
<!-- Generated by org.testng.reporters.JUnitReportReporter -->
<testsuite hostname="Divyashree-PC" failures="0" tests="1" name="clearTrip.BookATicketTest" time="68.681" errors="0" timestamp="12 Apr 2019 07:55:39 GMT" skipped="0">
  <testcase classname="clearTrip.BookATicketTest" name="book" time="68.681"/>
</testsuite> <!-- clearTrip.BookATicketTest -->
