<?xml version="1.0" encoding="UTF-8"?>
<!-- Generated by org.testng.reporters.JUnitReportReporter -->
<testsuite hostname="Divyashree-PC" failures="0" tests="1" name="amazon.GetPriceList" time="32.252" errors="0" timestamp="20 Apr 2019 14:01:59 GMT" skipped="0">
  <testcase classname="amazon.GetPriceList" name="getList" time="32.252"/>
</testsuite> <!-- amazon.GetPriceList -->
