<?xml version="1.0" encoding="UTF-8"?>
<!-- Generated by org.testng.reporters.JUnitReportReporter -->
<testsuite hostname="Divyashree-PC" failures="0" tests="1" name="bluestone.VerifySchemeErrorMsg" time="88.042" errors="0" timestamp="10 Apr 2019 12:33:58 GMT" skipped="0">
  <testcase classname="bluestone.VerifySchemeErrorMsg" name="verify" time="88.042"/>
</testsuite> <!-- bluestone.VerifySchemeErrorMsg -->
