<?xml version="1.0" encoding="UTF-8"?>
<!-- Generated by org.testng.reporters.JUnitReportReporter -->
<testsuite hostname="Divyashree-PC" failures="0" tests="1" name="bluestone.Bluestone" time="36.269" errors="0" timestamp="06 Apr 2019 14:39:07 GMT" skipped="0">
  <testcase classname="bluestone.Bluestone" name="getMenu" time="36.269"/>
</testsuite> <!-- bluestone.Bluestone -->
