<?xml version="1.0" encoding="UTF-8"?>
<!-- Generated by org.testng.reporters.JUnitReportReporter -->
<testsuite hostname="Divyashree-PC" failures="0" tests="1" name="ass0705.FaceBook" time="57.483" errors="0" timestamp="07 May 2019 12:49:38 GMT" skipped="0">
  <testcase classname="ass0705.FaceBook" name="Test" time="57.483"/>
</testsuite> <!-- ass0705.FaceBook -->
