<?xml version="1.0" encoding="UTF-8"?>
<!-- Generated by org.testng.reporters.JUnitReportReporter -->
<testsuite hostname="Divyashree-PC" failures="0" tests="1" name="bluestone.CountOfStores" time="28.523" errors="0" timestamp="11 Apr 2019 04:41:44 GMT" skipped="0">
  <testcase classname="bluestone.CountOfStores" name="verify" time="28.523"/>
</testsuite> <!-- bluestone.CountOfStores -->
