<?xml version="1.0" encoding="UTF-8"?>
<!-- Generated by org.testng.reporters.JUnitReportReporter -->
<testsuite hostname="Divyashree-PC" failures="0" tests="1" name="bluestone.VerufyAmountAndMailEntered" time="67.565" errors="0" timestamp="10 Apr 2019 12:52:33 GMT" skipped="0">
  <testcase classname="bluestone.VerufyAmountAndMailEntered" name="verify" time="67.565"/>
</testsuite> <!-- bluestone.VerufyAmountAndMailEntered -->
