<?xml version="1.0" encoding="UTF-8"?>
<!-- Generated by org.testng.reporters.JUnitReportReporter -->
<testsuite hostname="Divyashree-PC" failures="0" tests="1" name="bluestone.VerifyPrices" time="29.421" errors="0" timestamp="10 Apr 2019 11:28:55 GMT" skipped="0">
  <testcase classname="bluestone.VerifyPrices" name="getoff" time="29.421"/>
</testsuite> <!-- bluestone.VerifyPrices -->
