<?xml version="1.0" encoding="UTF-8"?>
<!-- Generated by org.testng.reporters.JUnitReportReporter -->
<testsuite hostname="Divyashree-PC" failures="0" tests="1" name="bluestone.VerifyNavigationToPaymentPage" time="37.696" errors="0" timestamp="11 Apr 2019 02:29:33 GMT" skipped="0">
  <testcase classname="bluestone.VerifyNavigationToPaymentPage" name="verify" time="37.696"/>
</testsuite> <!-- bluestone.VerifyNavigationToPaymentPage -->
