<?xml version="1.0" encoding="UTF-8"?>
<!-- Generated by org.testng.reporters.JUnitReportReporter -->
<testsuite hostname="Divyashree-PC" failures="0" tests="1" name="highCharts.PieChart" time="55.062" errors="0" timestamp="25 Apr 2019 03:56:40 GMT" skipped="0">
  <testcase classname="highCharts.PieChart" name="getPointerText" time="55.062"/>
</testsuite> <!-- highCharts.PieChart -->
