<?xml version="1.0" encoding="UTF-8"?>
<!-- Generated by org.testng.reporters.JUnitReportReporter -->
<testsuite hostname="Divyashree-PC" failures="0" tests="1" name="assignment1.GetMenu" time="67.108" errors="0" timestamp="03 Apr 2019 06:22:09 GMT" skipped="0">
  <testcase classname="assignment1.GetMenu" name="getMenu" time="67.108"/>
</testsuite> <!-- assignment1.GetMenu -->
