<?xml version="1.0" encoding="UTF-8"?>
<!-- Generated by org.testng.reporters.JUnitReportReporter -->
<testsuite hostname="Divyashree-PC" failures="0" tests="1" name="bluestone.GetPurityCount" time="33.347" errors="0" timestamp="10 Apr 2019 10:55:03 GMT" skipped="0">
  <testcase classname="bluestone.GetPurityCount" name="getoff" time="33.347"/>
</testsuite> <!-- bluestone.GetPurityCount -->
