<?xml version="1.0" encoding="UTF-8"?>
<!-- Generated by org.testng.reporters.JUnitReportReporter -->
<testsuite hostname="Divyashree-PC" failures="0" tests="2" name="com.vTiger.testscripts.CeateProductTest" time="40.621" errors="0" timestamp="11 Mar 2019 14:23:16 GMT" skipped="0">
  <testcase classname="com.vTiger.testscripts.CeateProductTest" name="editProductTest" time="20.244"/>
  <testcase classname="com.vTiger.testscripts.CeateProductTest" name="createProductTest" time="20.377"/>
</testsuite> <!-- com.vTiger.testscripts.CeateProductTest -->
