<?xml version="1.0" encoding="UTF-8"?>
<!-- Generated by org.testng.reporters.JUnitReportReporter -->
<testsuite hostname="Divyashree-PC" failures="0" tests="1" name="com.vTiger.testscripts.FilterTest" time="17.460" errors="0" timestamp="11 Mar 2019 14:23:16 GMT" skipped="0">
  <testcase classname="com.vTiger.testscripts.FilterTest" name="createFilter" time="17.460"/>
</testsuite> <!-- com.vTiger.testscripts.FilterTest -->
