<?xml version="1.0" encoding="UTF-8"?>
<!-- Generated by org.testng.reporters.JUnitReportReporter -->
<testsuite hostname="Divyashree-PC" failures="0" tests="1" name="extentrep.Extent1" time="0.817" errors="0" timestamp="28 May 2019 05:59:36 GMT" skipped="0">
  <testcase classname="extentrep.Extent1" name="run" time="0.817"/>
</testsuite> <!-- extentrep.Extent1 -->
