<?xml version="1.0" encoding="UTF-8"?>
<!-- Generated by org.testng.reporters.JUnitReportReporter -->
<testsuite hostname="Divyashree-PC" failures="0" tests="1" name="seleniumHQ.GetTitle" time="27.449" errors="0" timestamp="25 Apr 2019 10:27:53 GMT" skipped="0">
  <testcase classname="seleniumHQ.GetTitle" name="getTitle" time="27.449"/>
</testsuite> <!-- seleniumHQ.GetTitle -->
