<?xml version="1.0" encoding="UTF-8"?>
<!-- Generated by org.testng.reporters.JUnitReportReporter -->
<testsuite hostname="Divyashree-PC" failures="0" tests="1" name="com.vTiger.testscripts.SearchForProductWithProductActive" time="18.642" errors="0" timestamp="07 Mar 2019 15:29:20 GMT" skipped="0">
  <testcase classname="com.vTiger.testscripts.SearchForProductWithProductActive" name="searchForActiveProducts" time="18.642"/>
</testsuite> <!-- com.vTiger.testscripts.SearchForProductWithProductActive -->
