<?xml version="1.0" encoding="UTF-8"?>
<!-- Generated by org.testng.reporters.JUnitReportReporter -->
<testsuite hostname="Divyashree-PC" failures="0" tests="1" name="practice.ReularExp" time="0.021" errors="0" timestamp="09 May 2019 04:58:49 GMT" skipped="0">
  <testcase classname="practice.ReularExp" name="regexp" time="0.021"/>
</testsuite> <!-- practice.ReularExp -->
