<?xml version="1.0" encoding="UTF-8"?>
<!-- Generated by org.testng.reporters.JUnitReportReporter -->
<testsuite hostname="Divyashree-PC" failures="0" tests="1" name="practice.VerifyIP" time="0.016" errors="0" timestamp="09 May 2019 05:54:00 GMT" skipped="0">
  <testcase classname="practice.VerifyIP" name="verify" time="0.016"/>
</testsuite> <!-- practice.VerifyIP -->
